Build started 8/1/2021 11:55:46 πμ.
     1>Project "C:\ProjectOptikos\Ιωαννης_Αυλογιαρης_4502\Ιωαννης_Αυλογιαρης_4502\Ιωαννης_Αυλογιαρης_4502.vcxproj" on node 2 (build target(s)).
     1>InitializeBuildStatus:
         Creating "Debug\Ιωαννης_Αυλογιαρης_4502.unsuccessfulbuild" because "AlwaysCreate" was specified.
       GenerateTargetFrameworkMonikerAttribute:
       Skipping target "GenerateTargetFrameworkMonikerAttribute" because all output files are up-to-date with respect to the input files.
       ClCompile:
         C:\Program Files (x86)\Microsoft Visual Studio 10.0\VC\bin\CL.exe /c /AI"C:\Program Files (x86)\Reference Assemblies\Microsoft\Framework\.NETFramework\v4.0" /Zi /clr /nologo /W3 /WX- /Od /Oy- /D WIN32 /D _DEBUG /D _WINDLL /D _UNICODE /D UNICODE /EHa /MDd /GS /fp:precise /Zc:wchar_t /Zc:forScope /Yc"StdAfx.h" /Fp"Debug\Ιωαννης_Αυλογιαρης_4502.pch" /Fo"Debug\\" /Fd"Debug\vc100.pdb" /TP /FU"C:\Program Files (x86)\Reference Assemblies\Microsoft\Framework\.NETFramework\v4.0\System.Core.dll" /FU"C:\Program Files (x86)\Reference Assemblies\Microsoft\Framework\.NETFramework\v4.0\System.Data.dll" /FU"C:\Program Files (x86)\Reference Assemblies\Microsoft\Framework\.NETFramework\v4.0\System.dll" /FU"C:\Program Files (x86)\Reference Assemblies\Microsoft\Framework\.NETFramework\v4.0\System.Xml.dll" /analyze- /errorReport:prompt Stdafx.cpp /clr:nostdlib 
         Stdafx.cpp
         C:\Program Files (x86)\Microsoft Visual Studio 10.0\VC\bin\CL.exe /c /AI"C:\Program Files (x86)\Reference Assemblies\Microsoft\Framework\.NETFramework\v4.0" /Zi /clr /nologo /W3 /WX- /Od /Oy- /D WIN32 /D _DEBUG /D _WINDLL /D _UNICODE /D UNICODE /EHa /MDd /GS /fp:precise /Zc:wchar_t /Zc:forScope /Yu"StdAfx.h" /Fp"Debug\Ιωαννης_Αυλογιαρης_4502.pch" /Fo"Debug\\" /Fd"Debug\vc100.pdb" /TP /FU"C:\Program Files (x86)\Reference Assemblies\Microsoft\Framework\.NETFramework\v4.0\System.Core.dll" /FU"C:\Program Files (x86)\Reference Assemblies\Microsoft\Framework\.NETFramework\v4.0\System.Data.dll" /FU"C:\Program Files (x86)\Reference Assemblies\Microsoft\Framework\.NETFramework\v4.0\System.dll" /FU"C:\Program Files (x86)\Reference Assemblies\Microsoft\Framework\.NETFramework\v4.0\System.Xml.dll" /analyze- /errorReport:prompt AssemblyInfo.cpp "Ιωαννης_Αυλογιαρης_4502.cpp" /clr:nostdlib 
         AssemblyInfo.cpp
         Ιωαννης_Αυλογιαρης_4502.cpp
         Generating Code...
         C:\Program Files (x86)\Microsoft Visual Studio 10.0\VC\bin\CL.exe /c /Zi /clr /nologo /W3 /WX- /Od /Oy- /D WIN32 /D _DEBUG /D _WINDLL /D _UNICODE /D UNICODE /EHa /MDd /GS /fp:precise /Zc:wchar_t /Zc:forScope /Fo"Debug\\" /Fd"Debug\vc100.pdb" /TP /analyze- /errorReport:prompt "C:\Users\MMNew\AppData\Local\Temp\.NETFramework,Version=v4.0.AssemblyAttributes.cpp"
         .NETFramework,Version=v4.0.AssemblyAttributes.cpp
       ResourceCompile:
         C:\Program Files (x86)\Microsoft SDKs\Windows\v7.0A\bin\rc.exe /D _UNICODE /D UNICODE /l"0x0409" /nologo /fo"Debug\app.res" app.rc 
       Link:
         C:\Program Files (x86)\Microsoft Visual Studio 10.0\VC\bin\link.exe /ERRORREPORT:PROMPT /OUT:"C:\ProjectOptikos\Ιωαννης_Αυλογιαρης_4502\Debug\Ιωαννης_Αυλογιαρης_4502.dll" /INCREMENTAL /NOLOGO /MANIFEST /ManifestFile:"Debug\Ιωαννης_Αυλογιαρης_4502.dll.intermediate.manifest" /MANIFESTUAC:"level='asInvoker' uiAccess='false'" /DEBUG /PDB:"C:\ProjectOptikos\Ιωαννης_Αυλογιαρης_4502\Debug\Ιωαννης_Αυλογιαρης_4502.pdb" /ASSEMBLYDEBUG /TLBID:1 /DYNAMICBASE /FIXED:NO /NXCOMPAT /MACHINE:X86 /DLL Debug\app.res
         Debug\AssemblyInfo.obj
         Debug\Stdafx.obj
         "Debug\Ιωαννης_Αυλογιαρης_4502.obj"
         "Debug\.NETFramework,Version=v4.0.AssemblyAttributes.obj"
         Ιωαννης_Αυλογιαρης_4502.vcxproj -> C:\ProjectOptikos\Ιωαννης_Αυλογιαρης_4502\Debug\Ιωαννης_Αυλογιαρης_4502.dll
       Manifest:
         C:\Program Files (x86)\Microsoft SDKs\Windows\v7.0A\bin\mt.exe /nologo /verbose /outputresource:"C:\ProjectOptikos\Ιωαννης_Αυλογιαρης_4502\Debug\Ιωαννης_Αυλογιαρης_4502.dll;#2" /manifest "Debug\Ιωαννης_Αυλογιαρης_4502.dll.intermediate.manifest"
       FinalizeBuildStatus:
         Deleting file "Debug\Ιωαννης_Αυλογιαρης_4502.unsuccessfulbuild".
         Touching "Debug\Ιωαννης_Αυλογιαρης_4502.lastbuildstate".
     1>Done Building Project "C:\ProjectOptikos\Ιωαννης_Αυλογιαρης_4502\Ιωαννης_Αυλογιαρης_4502\Ιωαννης_Αυλογιαρης_4502.vcxproj" (build target(s)).

Build succeeded.

Time Elapsed 00:00:16.18
