Build started 23/12/2020 10:06:20 μμ.
     1>Project "C:\ProjectOptikos\Parousiologio\Parousiologio\Parousiologio.vcxproj" on node 2 (build target(s)).
     1>InitializeBuildStatus:
         Creating "Debug\Parousiologio.unsuccessfulbuild" because "AlwaysCreate" was specified.
       GenerateTargetFrameworkMonikerAttribute:
       Skipping target "GenerateTargetFrameworkMonikerAttribute" because all output files are up-to-date with respect to the input files.
       ClCompile:
         All outputs are up-to-date.
         C:\Program Files (x86)\Microsoft Visual Studio 10.0\VC\bin\CL.exe /c /AI"C:\Program Files (x86)\Reference Assemblies\Microsoft\Framework\.NETFramework\v4.0" /Zi /clr:pure /nologo /W3 /WX- /Od /Oy- /D WIN32 /D _DEBUG /D _UNICODE /D UNICODE /EHa /MDd /GS /fp:precise /Zc:wchar_t /Zc:forScope /Yu"StdAfx.h" /Fp"Debug\Parousiologio.pch" /Fo"Debug\\" /Fd"Debug\vc100.pdb" /TP /FU"C:\Program Files (x86)\Reference Assemblies\Microsoft\Framework\.NETFramework\v4.0\System.Core.dll" /FU"C:\Program Files (x86)\Reference Assemblies\Microsoft\Framework\.NETFramework\v4.0\System.Data.dll" /FU"C:\Program Files (x86)\Reference Assemblies\Microsoft\Framework\.NETFramework\v4.0\System.dll" /FU"C:\Program Files (x86)\Reference Assemblies\Microsoft\Framework\.NETFramework\v4.0\System.Drawing.dll" /FU"C:\Program Files (x86)\Reference Assemblies\Microsoft\Framework\.NETFramework\v4.0\System.Windows.Forms.dll" /FU"C:\Program Files (x86)\Reference Assemblies\Microsoft\Framework\.NETFramework\v4.0\System.Xml.dll" /analyze- /errorReport:prompt Parousiologio.cpp /clr:nostdlib 
         Parousiologio.cpp
         All outputs are up-to-date.
       CoreResGen:
         No resources are out of date with respect to their source files. Skipping resource generation.
       ResourceCompile:
         All outputs are up-to-date.
       Link:
         C:\Program Files (x86)\Microsoft Visual Studio 10.0\VC\bin\link.exe /ERRORREPORT:PROMPT /OUT:"C:\ProjectOptikos\Parousiologio\Debug\Parousiologio.exe" /INCREMENTAL /NOLOGO /ASSEMBLYRESOURCE:Debug\Parousiologio.Form1.resources /ASSEMBLYRESOURCE:Debug\Parousiologio.Form2.resources /ASSEMBLYRESOURCE:Debug\Parousiologio.Form3.resources /MANIFEST /ManifestFile:"Debug\Parousiologio.exe.intermediate.manifest" /MANIFESTUAC:"level='asInvoker' uiAccess='false'" /DEBUG /PDB:"C:\ProjectOptikos\Parousiologio\Debug\Parousiologio.pdb" /ASSEMBLYDEBUG /SUBSYSTEM:WINDOWS /TLBID:1 /ENTRY:"main" /DYNAMICBASE /FIXED:NO /NXCOMPAT /MACHINE:X86 Debug\app.res
         Debug\AssemblyInfo.obj
         Debug\Form2.obj
         Debug\Form3.obj
         Debug\Parousiologio.obj
         Debug\stdafx.obj
         "Debug\.NETFramework,Version=v4.0.AssemblyAttributes.obj"
         Parousiologio.vcxproj -> C:\ProjectOptikos\Parousiologio\Debug\Parousiologio.exe
       Manifest:
         C:\Program Files (x86)\Microsoft SDKs\Windows\v7.0A\bin\mt.exe /nologo /verbose /outputresource:"C:\ProjectOptikos\Parousiologio\Debug\Parousiologio.exe;#1" /manifest Debug\Parousiologio.exe.intermediate.manifest
       FinalizeBuildStatus:
         Deleting file "Debug\Parousiologio.unsuccessfulbuild".
         Touching "Debug\Parousiologio.lastbuildstate".
     1>Done Building Project "C:\ProjectOptikos\Parousiologio\Parousiologio\Parousiologio.vcxproj" (build target(s)).

Build succeeded.

Time Elapsed 00:00:04.87
