Build started 8/1/2021 10:46:38 πμ.
     1>Project "C:\ProjectOptikos\Proodos2021\Proodos2021\Proodos2021.vcxproj" on node 2 (build target(s)).
     1>InitializeBuildStatus:
         Creating "Debug\Proodos2021.unsuccessfulbuild" because "AlwaysCreate" was specified.
       GenerateTargetFrameworkMonikerAttribute:
       Skipping target "GenerateTargetFrameworkMonikerAttribute" because all output files are up-to-date with respect to the input files.
       ClCompile:
         All outputs are up-to-date.
         C:\Program Files (x86)\Microsoft Visual Studio 10.0\VC\bin\CL.exe /c /AI"C:\Program Files (x86)\Reference Assemblies\Microsoft\Framework\.NETFramework\v4.0" /Zi /clr:pure /nologo /W3 /WX- /Od /Oy- /D WIN32 /D _DEBUG /D _UNICODE /D UNICODE /EHa /MDd /GS /fp:precise /Zc:wchar_t /Zc:forScope /Yu"StdAfx.h" /Fp"Debug\Proodos2021.pch" /Fo"Debug\\" /Fd"Debug\vc100.pdb" /TP /FU"C:\Program Files (x86)\Reference Assemblies\Microsoft\Framework\.NETFramework\v4.0\System.Core.dll" /FU"C:\Program Files (x86)\Reference Assemblies\Microsoft\Framework\.NETFramework\v4.0\System.Data.dll" /FU"C:\Program Files (x86)\Reference Assemblies\Microsoft\Framework\.NETFramework\v4.0\System.dll" /FU"C:\Program Files (x86)\Reference Assemblies\Microsoft\Framework\.NETFramework\v4.0\System.Drawing.dll" /FU"C:\Program Files (x86)\Reference Assemblies\Microsoft\Framework\.NETFramework\v4.0\System.Windows.Forms.dll" /FU"C:\Program Files (x86)\Reference Assemblies\Microsoft\Framework\.NETFramework\v4.0\System.Xml.dll" /analyze- /errorReport:prompt Proodos2021.cpp /clr:nostdlib 
         Proodos2021.cpp
         All outputs are up-to-date.
       CoreResGen:
         No resources are out of date with respect to their source files. Skipping resource generation.
       ResourceCompile:
         All outputs are up-to-date.
       Link:
         C:\Program Files (x86)\Microsoft Visual Studio 10.0\VC\bin\link.exe /ERRORREPORT:PROMPT /OUT:"C:\ProjectOptikos\Proodos2021\Debug\Proodos2021.exe" /INCREMENTAL /NOLOGO /ASSEMBLYRESOURCE:Debug\Proodos2021.Form1.resources /ASSEMBLYRESOURCE:Debug\Proodos2021.Form2.resources /ASSEMBLYRESOURCE:Debug\Proodos2021.Form3.resources /ASSEMBLYRESOURCE:Debug\Proodos2021.Form4.resources /MANIFEST /ManifestFile:"Debug\Proodos2021.exe.intermediate.manifest" /MANIFESTUAC:"level='asInvoker' uiAccess='false'" /DEBUG /PDB:"C:\ProjectOptikos\Proodos2021\Debug\Proodos2021.pdb" /ASSEMBLYDEBUG /SUBSYSTEM:WINDOWS /TLBID:1 /ENTRY:"main" /DYNAMICBASE /FIXED:NO /NXCOMPAT /MACHINE:X86 Debug\app.res
         Debug\AssemblyInfo.obj
         Debug\Form2.obj
         Debug\Form3.obj
         Debug\Form4.obj
         Debug\Proodos2021.obj
         Debug\stdafx.obj
         "Debug\.NETFramework,Version=v4.0.AssemblyAttributes.obj"
         Proodos2021.vcxproj -> C:\ProjectOptikos\Proodos2021\Debug\Proodos2021.exe
       Manifest:
         C:\Program Files (x86)\Microsoft SDKs\Windows\v7.0A\bin\mt.exe /nologo /verbose /outputresource:"C:\ProjectOptikos\Proodos2021\Debug\Proodos2021.exe;#1" /manifest Debug\Proodos2021.exe.intermediate.manifest
       FinalizeBuildStatus:
         Deleting file "Debug\Proodos2021.unsuccessfulbuild".
         Touching "Debug\Proodos2021.lastbuildstate".
     1>Done Building Project "C:\ProjectOptikos\Proodos2021\Proodos2021\Proodos2021.vcxproj" (build target(s)).

Build succeeded.

Time Elapsed 00:00:03.21
